[0m2021.06.21 15:08:31 INFO  Started: Metals version 0.10.4 in workspace '/home/xuanhoang232k/Desktop/myblog/hoangxtr.github.io' for client Visual Studio Code 1.55.2.[0m
[0m2021.06.21 15:08:40 INFO  time: initialize in 8.71s[0m
[0m2021.06.21 15:08:40 WARN  Build server is not auto-connectable.[0m
[0m2021.06.21 15:08:40 WARN  no build tool detected in workspace '/home/xuanhoang232k/Desktop/myblog/hoangxtr.github.io'. The most common cause for this problem is that the editor was opened in the wrong working directory, for example if you use sbt then the workspace directory should contain build.sbt. [0m
[0m2021.06.21 21:39:02 INFO  shutting down Metals[0m
[0m2021.06.25 21:01:06 INFO  Started: Metals version 0.10.4 in workspace '/home/xuanhoang232k/Desktop/myblog/hoangxtr.github.io' for client Visual Studio Code 1.55.2.[0m
[0m2021.06.25 21:01:10 INFO  time: initialize in 3.86s[0m
[0m2021.06.25 21:01:10 WARN  Build server is not auto-connectable.[0m
[0m2021.06.25 21:01:10 WARN  no build tool detected in workspace '/home/xuanhoang232k/Desktop/myblog/hoangxtr.github.io'. The most common cause for this problem is that the editor was opened in the wrong working directory, for example if you use sbt then the workspace directory should contain build.sbt. [0m
[0m2021.06.26 00:20:18 INFO  shutting down Metals[0m
[0m2021.06.28 22:15:15 INFO  Started: Metals version 0.10.4 in workspace '/home/xuanhoang232k/Desktop/myblog/hoangxtr.github.io' for client Visual Studio Code 1.55.2.[0m
java.util.concurrent.RejectedExecutionException: Task scala.concurrent.impl.CallbackRunnable@74c9d263 rejected from java.util.concurrent.ThreadPoolExecutor@2557359b[Shutting down, pool size = 1, active threads = 1, queued tasks = 0, completed tasks = 1]
	at java.base/java.util.concurrent.ThreadPoolExecutor$AbortPolicy.rejectedExecution(ThreadPoolExecutor.java:2055)
	at java.base/java.util.concurrent.ThreadPoolExecutor.reject(ThreadPoolExecutor.java:825)
	at java.base/java.util.concurrent.ThreadPoolExecutor.execute(ThreadPoolExecutor.java:1355)
	at scala.concurrent.impl.ExecutionContextImpl$$anon$4.execute(ExecutionContextImpl.scala:138)
	at scala.concurrent.impl.CallbackRunnable.executeWithValue(Promise.scala:72)
	at scala.concurrent.impl.Promise$DefaultPromise.$anonfun$tryComplete$1(Promise.scala:288)
	at scala.concurrent.impl.Promise$DefaultPromise.$anonfun$tryComplete$1$adapted(Promise.scala:288)
	at scala.concurrent.impl.Promise$DefaultPromise.tryComplete(Promise.scala:288)
	at scala.concurrent.Promise.complete(Promise.scala:53)
	at scala.concurrent.Promise.complete$(Promise.scala:52)
	at scala.concurrent.impl.Promise$DefaultPromise.complete(Promise.scala:187)
	at scala.concurrent.impl.Promise.$anonfun$transform$1(Promise.scala:33)
	at scala.concurrent.impl.CallbackRunnable.run(Promise.scala:64)
	at java.base/java.util.concurrent.ThreadPoolExecutor.runWorker(ThreadPoolExecutor.java:1128)
	at java.base/java.util.concurrent.ThreadPoolExecutor$Worker.run(ThreadPoolExecutor.java:628)
	at java.base/java.lang.Thread.run(Thread.java:829)
[0m2021.06.30 22:16:56 INFO  Started: Metals version 0.10.4 in workspace '/home/xuanhoang232k/Desktop/myblog/hoangxtr.github.io' for client Visual Studio Code 1.55.2.[0m
[0m2021.06.30 22:17:00 INFO  time: initialize in 4.5s[0m
[0m2021.06.30 22:17:00 WARN  Build server is not auto-connectable.[0m
[0m2021.06.30 22:17:00 WARN  no build tool detected in workspace '/home/xuanhoang232k/Desktop/myblog/hoangxtr.github.io'. The most common cause for this problem is that the editor was opened in the wrong working directory, for example if you use sbt then the workspace directory should contain build.sbt. [0m
[0m2021.06.30 23:51:05 INFO  shutting down Metals[0m
[0m2021.07.01 09:06:46 INFO  Started: Metals version 0.10.4 in workspace '/home/xuanhoang232k/Desktop/myblog/hoangxtr.github.io' for client Visual Studio Code 1.55.2.[0m
[0m2021.07.01 09:06:50 INFO  time: initialize in 4.47s[0m
[0m2021.07.01 09:06:50 WARN  Build server is not auto-connectable.[0m
[0m2021.07.01 09:06:50 WARN  no build tool detected in workspace '/home/xuanhoang232k/Desktop/myblog/hoangxtr.github.io'. The most common cause for this problem is that the editor was opened in the wrong working directory, for example if you use sbt then the workspace directory should contain build.sbt. [0m
[0m2021.07.01 09:06:53 INFO  shutting down Metals[0m
